# JRE version: OpenJDK Runtime Environment Temurin-17.0.3+7 (17.0.3+7) (build 17.0.3+7)
# Java VM: OpenJDK 64-Bit Server VM Temurin-17.0.3+7 (17.0.3+7, mixed mode, tiered, compressed oops, compressed class ptrs, parallel gc, bsd-amd64)
GC Precious Log:
 CPUs: 4 total, 4 available
 Memory: 8192M
 Large Page Support: Disabled
 NUMA Support: Disabled
 Compressed Oops: Enabled (Zero based)
 Alignments: Space 512K, Generation 512K, Heap 2M
 Heap Min Capacity: 100M
 Heap Initial Capacity: 100M
 Heap Max Capacity: 1G
 Pre-touch: Disabled
 Parallel Workers: 4
Heap:
 PSYoungGen      total 4608K, used 486K [0x00000007eab00000, 0x00000007eb800000, 0x0000000800000000)
  eden space 4096K, 0% used [0x00000007eab00000,0x00000007eab00000,0x00000007eaf00000)
  from space 512K, 94% used [0x00000007eb400000,0x00000007eb479850,0x00000007eb480000)
  to   space 4608K, 0% used [0x00000007eaf00000,0x00000007eaf00000,0x00000007eb380000)
 ParOldGen       total 152576K, used 151634K [0x00000007c0000000, 0x00000007c9500000, 0x00000007eab00000)
  object space 152576K, 99% used [0x00000007c0000000,0x00000007c9414b78,0x00000007c9500000)
 Metaspace       used 75957K, committed 76800K, reserved 1122304K
  class space    used 7715K, committed 8064K, reserved 1048576K
GC Heap History (20 events):
Event: 1293.217 GC heap after
{Heap after GC invocations=1739 (full 45):
 PSYoungGen      total 5120K, used 2022K [0x00000007eab00000, 0x00000007eba00000, 0x0000000800000000)
  eden space 3072K, 0% used [0x00000007eab00000,0x00000007eab00000,0x00000007eae00000)
  from space 2048K, 98% used [0x00000007eae00000,0x00000007eaff9850,0x00000007eb000000)
  to   space 5632K, 0% used [0x00000007eb480000,0x00000007eb480000,0x00000007eba00000)
 ParOldGen       total 152576K, used 145120K [0x00000007c0000000, 0x00000007c9500000, 0x00000007eab00000)
  object space 152576K, 95% used [0x00000007c0000000,0x00000007c8db8398,0x00000007c9500000)
 Metaspace       used 75869K, committed 76672K, reserved 1122304K
  class space    used 7714K, committed 8064K, reserved 1048576K
}
Event: 1293.720 GC heap before
{Heap before GC invocations=1740 (full 45):
 PSYoungGen      total 5120K, used 5094K [0x00000007eab00000, 0x00000007eba00000, 0x0000000800000000)
  eden space 3072K, 100% used [0x00000007eab00000,0x00000007eae00000,0x00000007eae00000)
  from space 2048K, 98% used [0x00000007eae00000,0x00000007eaff9850,0x00000007eb000000)
  to   space 5632K, 0% used [0x00000007eb480000,0x00000007eb480000,0x00000007eba00000)
 ParOldGen       total 152576K, used 145120K [0x00000007c0000000, 0x00000007c9500000, 0x00000007eab00000)
  object space 152576K, 95% used [0x00000007c0000000,0x00000007c8db8398,0x00000007c9500000)
 Metaspace       used 75870K, committed 76672K, reserved 1122304K
  class space    used 7714K, committed 8064K, reserved 1048576K
}
Event: 1293.725 GC heap after
{Heap after GC invocations=1740 (full 45):
 PSYoungGen      total 5120K, used 960K [0x00000007eab00000, 0x00000007eb580000, 0x0000000800000000)
  eden space 4096K, 0% used [0x00000007eab00000,0x00000007eab00000,0x00000007eaf00000)
  from space 1024K, 93% used [0x00000007eb480000,0x00000007eb570000,0x00000007eb580000)
  to   space 2560K, 0% used [0x00000007eb080000,0x00000007eb080000,0x00000007eb300000)
 ParOldGen       total 152576K, used 147174K [0x00000007c0000000, 0x00000007c9500000, 0x00000007eab00000)
  object space 152576K, 96% used [0x00000007c0000000,0x00000007c8fb9be8,0x00000007c9500000)
 Metaspace       used 75870K, committed 76672K, reserved 1122304K
  class space    used 7714K, committed 8064K, reserved 1048576K
}
Event: 2293.534 GC heap before
{Heap before GC invocations=1741 (full 45):
 PSYoungGen      total 5120K, used 5051K [0x00000007eab00000, 0x00000007eb580000, 0x0000000800000000)
  eden space 4096K, 99% used [0x00000007eab00000,0x00000007eaefee60,0x00000007eaf00000)
  from space 1024K, 93% used [0x00000007eb480000,0x00000007eb570000,0x00000007eb580000)
  to   space 2560K, 0% used [0x00000007eb080000,0x00000007eb080000,0x00000007eb300000)
 ParOldGen       total 152576K, used 147174K [0x00000007c0000000, 0x00000007c9500000, 0x00000007eab00000)
  object space 152576K, 96% used [0x00000007c0000000,0x00000007c8fb9be8,0x00000007c9500000)
 Metaspace       used 75910K, committed 76800K, reserved 1122304K
  class space    used 7715K, committed 8064K, reserved 1048576K
}
Event: 2293.539 GC heap after
{Heap after GC invocations=1741 (full 45):
 PSYoungGen      total 6656K, used 64K [0x00000007eab00000, 0x00000007eb500000, 0x0000000800000000)
  eden space 4096K, 0% used [0x00000007eab00000,0x00000007eab00000,0x00000007eaf00000)
  from space 2560K, 2% used [0x00000007eb080000,0x00000007eb090000,0x00000007eb300000)
  to   space 1024K, 0% used [0x00000007eb400000,0x00000007eb400000,0x00000007eb500000)
 ParOldGen       total 152576K, used 148086K [0x00000007c0000000, 0x00000007c9500000, 0x00000007eab00000)
  object space 152576K, 97% used [0x00000007c0000000,0x00000007c909dad8,0x00000007c9500000)
 Metaspace       used 75910K, committed 76800K, reserved 1122304K
  class space    used 7715K, committed 8064K, reserved 1048576K
}
Event: 3675.381 GC heap before
{Heap before GC invocations=1742 (full 45):
 PSYoungGen      total 6656K, used 4158K [0x00000007eab00000, 0x00000007eb500000, 0x0000000800000000)
  eden space 4096K, 99% used [0x00000007eab00000,0x00000007eaeff8a8,0x00000007eaf00000)
  from space 2560K, 2% used [0x00000007eb080000,0x00000007eb090000,0x00000007eb300000)
  to   space 1024K, 0% used [0x00000007eb400000,0x00000007eb400000,0x00000007eb500000)
 ParOldGen       total 152576K, used 148086K [0x00000007c0000000, 0x00000007c9500000, 0x00000007eab00000)
  object space 152576K, 97% used [0x00000007c0000000,0x00000007c909dad8,0x00000007c9500000)
 Metaspace       used 75940K, committed 76800K, reserved 1122304K
  class space    used 7715K, committed 8064K, reserved 1048576K
}
Event: 3675.384 GC heap after
{Heap after GC invocations=1742 (full 45):
 PSYoungGen      total 4608K, used 96K [0x00000007eab00000, 0x00000007eb480000, 0x0000000800000000)
  eden space 4096K, 0% used [0x00000007eab00000,0x00000007eab00000,0x00000007eaf00000)
  from space 512K, 18% used [0x00000007eb400000,0x00000007eb418000,0x00000007eb480000)
  to   space 512K, 0% used [0x00000007eb380000,0x00000007eb380000,0x00000007eb400000)
 ParOldGen       total 152576K, used 148118K [0x00000007c0000000, 0x00000007c9500000, 0x00000007eab00000)
  object space 152576K, 97% used [0x00000007c0000000,0x00000007c90a5ad8,0x00000007c9500000)
 Metaspace       used 75940K, committed 76800K, reserved 1122304K
  class space    used 7715K, committed 8064K, reserved 1048576K
}
Event: 4399.038 GC heap before
{Heap before GC invocations=1743 (full 45):
 PSYoungGen      total 4608K, used 4192K [0x00000007eab00000, 0x00000007eb480000, 0x0000000800000000)
  eden space 4096K, 100% used [0x00000007eab00000,0x00000007eaf00000,0x00000007eaf00000)
  from space 512K, 18% used [0x00000007eb400000,0x00000007eb418000,0x00000007eb480000)
  to   space 512K, 0% used [0x00000007eb380000,0x00000007eb380000,0x00000007eb400000)
 ParOldGen       total 152576K, used 148118K [0x00000007c0000000, 0x00000007c9500000, 0x00000007eab00000)
  object space 152576K, 97% used [0x00000007c0000000,0x00000007c90a5ad8,0x00000007c9500000)
 Metaspace       used 75954K, committed 76800K, reserved 1122304K
  class space    used 7715K, committed 8064K, reserved 1048576K
}
Event: 4399.040 GC heap after
{Heap after GC invocations=1743 (full 45):
 PSYoungGen      total 4608K, used 448K [0x00000007eab00000, 0x00000007eb480000, 0x0000000800000000)
  eden space 4096K, 0% used [0x00000007eab00000,0x00000007eab00000,0x00000007eaf00000)
  from space 512K, 87% used [0x00000007eb380000,0x00000007eb3f0000,0x00000007eb400000)
  to   space 512K, 0% used [0x00000007eb400000,0x00000007eb400000,0x00000007eb480000)
 ParOldGen       total 152576K, used 148134K [0x00000007c0000000, 0x00000007c9500000, 0x00000007eab00000)
  object space 152576K, 97% used [0x00000007c0000000,0x00000007c90a9ad8,0x00000007c9500000)
 Metaspace       used 75954K, committed 76800K, reserved 1122304K
  class space    used 7715K, committed 8064K, reserved 1048576K
}
Event: 4399.068 GC heap before
{Heap before GC invocations=1744 (full 45):
 PSYoungGen      total 4608K, used 4544K [0x00000007eab00000, 0x00000007eb480000, 0x0000000800000000)
  eden space 4096K, 100% used [0x00000007eab00000,0x00000007eaf00000,0x00000007eaf00000)
  from space 512K, 87% used [0x00000007eb380000,0x00000007eb3f0000,0x00000007eb400000)
  to   space 512K, 0% used [0x00000007eb400000,0x00000007eb400000,0x00000007eb480000)
 ParOldGen       total 152576K, used 148134K [0x00000007c0000000, 0x00000007c9500000, 0x00000007eab00000)
  object space 152576K, 97% used [0x00000007c0000000,0x00000007c90a9ad8,0x00000007c9500000)
 Metaspace       used 75954K, committed 76800K, reserved 1122304K
  class space    used 7715K, committed 8064K, reserved 1048576K
}
Event: 4399.081 GC heap after
{Heap after GC invocations=1744 (full 45):
 PSYoungGen      total 4608K, used 96K [0x00000007eab00000, 0x00000007eb480000, 0x0000000800000000)
  eden space 4096K, 0% used [0x00000007eab00000,0x00000007eab00000,0x00000007eaf00000)
  from space 512K, 18% used [0x00000007eb400000,0x00000007eb418000,0x00000007eb480000)
  to   space 512K, 0% used [0x00000007eb380000,0x00000007eb380000,0x00000007eb400000)
 ParOldGen       total 152576K, used 148198K [0x00000007c0000000, 0x00000007c9500000, 0x00000007eab00000)
  object space 152576K, 97% used [0x00000007c0000000,0x00000007c90b9ad8,0x00000007c9500000)
 Metaspace       used 75954K, committed 76800K, reserved 1122304K
  class space    used 7715K, committed 8064K, reserved 1048576K
}
Event: 4399.113 GC heap before
{Heap before GC invocations=1745 (full 45):
 PSYoungGen      total 4608K, used 4182K [0x00000007eab00000, 0x00000007eb480000, 0x0000000800000000)
  eden space 4096K, 99% used [0x00000007eab00000,0x00000007eaefdb28,0x00000007eaf00000)
  from space 512K, 18% used [0x00000007eb400000,0x00000007eb418000,0x00000007eb480000)
  to   space 512K, 0% used [0x00000007eb380000,0x00000007eb380000,0x00000007eb400000)
 ParOldGen       total 152576K, used 148198K [0x00000007c0000000, 0x00000007c9500000, 0x00000007eab00000)
  object space 152576K, 97% used [0x00000007c0000000,0x00000007c90b9ad8,0x00000007c9500000)
 Metaspace       used 75954K, committed 76800K, reserved 1122304K
  class space    used 7715K, committed 8064K, reserved 1048576K
}
Event: 4399.115 GC heap after
{Heap after GC invocations=1745 (full 45):
 PSYoungGen      total 4608K, used 128K [0x00000007eab00000, 0x00000007eb480000, 0x0000000800000000)
  eden space 4096K, 0% used [0x00000007eab00000,0x00000007eab00000,0x00000007eaf00000)
  from space 512K, 25% used [0x00000007eb380000,0x00000007eb3a0000,0x00000007eb400000)
  to   space 512K, 0% used [0x00000007eb400000,0x00000007eb400000,0x00000007eb480000)
 ParOldGen       total 152576K, used 148254K [0x00000007c0000000, 0x00000007c9500000, 0x00000007eab00000)
  object space 152576K, 97% used [0x00000007c0000000,0x00000007c90c7ad8,0x00000007c9500000)
 Metaspace       used 75954K, committed 76800K, reserved 1122304K
  class space    used 7715K, committed 8064K, reserved 1048576K
}
Event: 4399.133 GC heap before
{Heap before GC invocations=1746 (full 45):
 PSYoungGen      total 4608K, used 4224K [0x00000007eab00000, 0x00000007eb480000, 0x0000000800000000)
  eden space 4096K, 100% used [0x00000007eab00000,0x00000007eaf00000,0x00000007eaf00000)
  from space 512K, 25% used [0x00000007eb380000,0x00000007eb3a0000,0x00000007eb400000)
  to   space 512K, 0% used [0x00000007eb400000,0x00000007eb400000,0x00000007eb480000)
 ParOldGen       total 152576K, used 148254K [0x00000007c0000000, 0x00000007c9500000, 0x00000007eab00000)
  object space 152576K, 97% used [0x00000007c0000000,0x00000007c90c7ad8,0x00000007c9500000)
 Metaspace       used 75954K, committed 76800K, reserved 1122304K
  class space    used 7715K, committed 8064K, reserved 1048576K
}
Event: 4399.135 GC heap after
{Heap after GC invocations=1746 (full 45):
 PSYoungGen      total 4608K, used 160K [0x00000007eab00000, 0x00000007eb480000, 0x0000000800000000)
  eden space 4096K, 0% used [0x00000007eab00000,0x00000007eab00000,0x00000007eaf00000)
  from space 512K, 31% used [0x00000007eb400000,0x00000007eb428000,0x00000007eb480000)
  to   space 512K, 0% used [0x00000007eb380000,0x00000007eb380000,0x00000007eb400000)
 ParOldGen       total 152576K, used 148280K [0x00000007c0000000, 0x00000007c9500000, 0x00000007eab00000)
  object space 152576K, 97% used [0x00000007c0000000,0x00000007c90ce0e8,0x00000007c9500000)
 Metaspace       used 75954K, committed 76800K, reserved 1122304K
  class space    used 7715K, committed 8064K, reserved 1048576K
}
Event: 4399.456 GC heap before
{Heap before GC invocations=1747 (full 45):
 PSYoungGen      total 4608K, used 4256K [0x00000007eab00000, 0x00000007eb480000, 0x0000000800000000)
  eden space 4096K, 100% used [0x00000007eab00000,0x00000007eaf00000,0x00000007eaf00000)
  from space 512K, 31% used [0x00000007eb400000,0x00000007eb428000,0x00000007eb480000)
  to   space 512K, 0% used [0x00000007eb380000,0x00000007eb380000,0x00000007eb400000)
 ParOldGen       total 152576K, used 148280K [0x00000007c0000000, 0x00000007c9500000, 0x00000007eab00000)
  object space 152576K, 97% used [0x00000007c0000000,0x00000007c90ce0e8,0x00000007c9500000)
 Metaspace       used 75957K, committed 76800K, reserved 1122304K
  class space    used 7715K, committed 8064K, reserved 1048576K
}
Event: 4399.459 GC heap after
{Heap after GC invocations=1747 (full 45):
 PSYoungGen      total 4608K, used 115K [0x00000007eab00000, 0x00000007eb480000, 0x0000000800000000)
  eden space 4096K, 0% used [0x00000007eab00000,0x00000007eab00000,0x00000007eaf00000)
  from space 512K, 22% used [0x00000007eb380000,0x00000007eb39cc10,0x00000007eb400000)
  to   space 512K, 0% used [0x00000007eb400000,0x00000007eb400000,0x00000007eb480000)
 ParOldGen       total 152576K, used 148296K [0x00000007c0000000, 0x00000007c9500000, 0x00000007eab00000)
  object space 152576K, 97% used [0x00000007c0000000,0x00000007c90d20e8,0x00000007c9500000)
 Metaspace       used 75957K, committed 76800K, reserved 1122304K
  class space    used 7715K, committed 8064K, reserved 1048576K
}
Event: 4399.501 GC heap before
{Heap before GC invocations=1748 (full 45):
 PSYoungGen      total 4608K, used 4211K [0x00000007eab00000, 0x00000007eb480000, 0x0000000800000000)
  eden space 4096K, 100% used [0x00000007eab00000,0x00000007eaf00000,0x00000007eaf00000)
  from space 512K, 22% used [0x00000007eb380000,0x00000007eb39cc10,0x00000007eb400000)
  to   space 512K, 0% used [0x00000007eb400000,0x00000007eb400000,0x00000007eb480000)
 ParOldGen       total 152576K, used 148296K [0x00000007c0000000, 0x00000007c9500000, 0x00000007eab00000)
  object space 152576K, 97% used [0x00000007c0000000,0x00000007c90d20e8,0x00000007c9500000)
 Metaspace       used 75957K, committed 76800K, reserved 1122304K
  class space    used 7715K, committed 8064K, reserved 1048576K
}
Event: 4399.514 GC heap after
{Heap after GC invocations=1748 (full 45):
 PSYoungGen      total 4608K, used 486K [0x00000007eab00000, 0x00000007eb800000, 0x0000000800000000)
  eden space 4096K, 0% used [0x00000007eab00000,0x00000007eab00000,0x00000007eaf00000)
  from space 512K, 94% used [0x00000007eb400000,0x00000007eb479850,0x00000007eb480000)
  to   space 4608K, 0% used [0x00000007eaf00000,0x00000007eaf00000,0x00000007eb380000)
 ParOldGen       total 152576K, used 151634K [0x00000007c0000000, 0x00000007c9500000, 0x00000007eab00000)
  object space 152576K, 99% used [0x00000007c0000000,0x00000007c9414b78,0x00000007c9500000)
 Metaspace       used 75957K, committed 76800K, reserved 1122304K
  class space    used 7715K, committed 8064K, reserved 1048576K
}
Event: 4399.514 GC heap before
{Heap before GC invocations=1749 (full 46):
 PSYoungGen      total 4608K, used 486K [0x00000007eab00000, 0x00000007eb800000, 0x0000000800000000)
  eden space 4096K, 0% used [0x00000007eab00000,0x00000007eab00000,0x00000007eaf00000)
  from space 512K, 94% used [0x00000007eb400000,0x00000007eb479850,0x00000007eb480000)
  to   space 4608K, 0% used [0x00000007eaf00000,0x00000007eaf00000,0x00000007eb380000)
 ParOldGen       total 152576K, used 151634K [0x00000007c0000000, 0x00000007c9500000, 0x00000007eab00000)
  object space 152576K, 99% used [0x00000007c0000000,0x00000007c9414b78,0x00000007c9500000)
 Metaspace       used 75957K, committed 76800K, reserved 1122304K
  class space    used 7715K, committed 8064K, reserved 1048576K
}

